Warning: you requested the nanomsg event logger, but bmv2 was compiled without -DBMELOG, and the event logger cannot be activated
Calling target program-options parser
[22:45:40.593] [bmv2] [D] [thread 11409] Set default default entry for table 'MyIngress.dmac': NoAction - 
Adding interface s1-eth1 as port 1
[22:45:40.606] [bmv2] [D] [thread 11409] Adding interface s1-eth1 as port 1
Adding interface s1-eth2 as port 2
[22:45:40.655] [bmv2] [D] [thread 11409] Adding interface s1-eth2 as port 2
Adding interface s1-eth3 as port 3
[22:45:40.700] [bmv2] [D] [thread 11409] Adding interface s1-eth3 as port 3
Adding interface s1-eth4 as port 4
[22:45:40.756] [bmv2] [D] [thread 11409] Adding interface s1-eth4 as port 4
[22:45:40.816] [bmv2] [I] [thread 11409] Starting Thrift server on port 9090
[22:45:40.817] [bmv2] [I] [thread 11409] Thrift server was started
[22:45:41.375] [bmv2] [T] [thread 11460] bm_get_config
[22:45:41.378] [bmv2] [T] [thread 11460] bm_table_add_entry
[22:45:41.379] [bmv2] [D] [thread 11460] Entry 0 added to table 'MyIngress.dmac'
[22:45:41.379] [bmv2] [D] [thread 11460] Dumping entry 0
Match key:
* hdr.ethernet.dstAddr: EXACT     00000a000001
Action entry: MyIngress.forward - 1,

[22:45:41.381] [bmv2] [T] [thread 11460] bm_table_add_entry
[22:45:41.381] [bmv2] [D] [thread 11460] Entry 1 added to table 'MyIngress.dmac'
[22:45:41.381] [bmv2] [D] [thread 11460] Dumping entry 1
Match key:
* hdr.ethernet.dstAddr: EXACT     00000a000002
Action entry: MyIngress.forward - 2,

[22:45:41.382] [bmv2] [T] [thread 11460] bm_table_add_entry
[22:45:41.383] [bmv2] [D] [thread 11460] Entry 2 added to table 'MyIngress.dmac'
[22:45:41.383] [bmv2] [D] [thread 11460] Dumping entry 2
Match key:
* hdr.ethernet.dstAddr: EXACT     00000a000003
Action entry: MyIngress.forward - 3,

[22:45:41.384] [bmv2] [T] [thread 11460] bm_table_add_entry
[22:45:41.384] [bmv2] [D] [thread 11460] Entry 3 added to table 'MyIngress.dmac'
[22:45:41.385] [bmv2] [D] [thread 11460] Dumping entry 3
Match key:
* hdr.ethernet.dstAddr: EXACT     00000a000004
Action entry: MyIngress.forward - 4,

[22:45:42.099] [bmv2] [T] [thread 11476] bm_get_config
[22:45:42.102] [bmv2] [T] [thread 11476] bm_mt_get_entries
[22:45:42.105] [bmv2] [T] [thread 11476] bm_reset_state
[22:45:42.105] [bmv2] [D] [thread 11476] Resetting simple_switch target-specific state
[22:45:42.105] [bmv2] [D] [thread 11476] resetting PRE state
[22:45:42.107] [bmv2] [T] [thread 11476] bm_table_add_entry
[22:45:42.108] [bmv2] [D] [thread 11476] Entry 0 added to table 'MyIngress.dmac'
[22:45:42.108] [bmv2] [D] [thread 11476] Dumping entry 0
Match key:
* hdr.ethernet.dstAddr: EXACT     00000a000002
Action entry: MyIngress.forward - 2,

[22:45:42.110] [bmv2] [T] [thread 11476] bm_table_add_entry
[22:45:42.111] [bmv2] [D] [thread 11476] Entry 1 added to table 'MyIngress.dmac'
[22:45:42.111] [bmv2] [D] [thread 11476] Dumping entry 1
Match key:
* hdr.ethernet.dstAddr: EXACT     00000a000003
Action entry: MyIngress.forward - 3,

[22:45:42.113] [bmv2] [T] [thread 11476] bm_table_add_entry
[22:45:42.113] [bmv2] [D] [thread 11476] Entry 2 added to table 'MyIngress.dmac'
[22:45:42.113] [bmv2] [D] [thread 11476] Dumping entry 2
Match key:
* hdr.ethernet.dstAddr: EXACT     00000a000004
Action entry: MyIngress.forward - 4,

[22:45:42.114] [bmv2] [T] [thread 11476] bm_mt_get_entries
[22:45:42.118] [bmv2] [T] [thread 11476] bm_mt_get_default_entry
[22:45:56.006] [bmv2] [D] [thread 11415] [0.0] [cxt 0] Processing packet received on port 1
[22:45:56.007] [bmv2] [D] [thread 11415] [0.0] [cxt 0] Parser 'parser': start
[22:45:56.007] [bmv2] [D] [thread 11415] [0.0] [cxt 0] Parser 'parser' entering state 'start'
[22:45:56.007] [bmv2] [D] [thread 11415] [0.0] [cxt 0] Extracting header 'ethernet'
[22:45:56.007] [bmv2] [D] [thread 11415] [0.0] [cxt 0] Parser state 'start' has no switch, going to default next state
[22:45:56.008] [bmv2] [T] [thread 11415] [0.0] [cxt 0] Bytes parsed: 14
[22:45:56.008] [bmv2] [D] [thread 11415] [0.0] [cxt 0] Parser 'parser': end
[22:45:56.008] [bmv2] [D] [thread 11415] [0.0] [cxt 0] Pipeline 'ingress': start
[22:45:56.009] [bmv2] [T] [thread 11415] [0.0] [cxt 0] Applying table 'MyIngress.dmac'
[22:45:56.009] [bmv2] [D] [thread 11415] [0.0] [cxt 0] Looking up key:
* hdr.ethernet.dstAddr: 00000a000002

[22:45:56.009] [bmv2] [D] [thread 11415] [0.0] [cxt 0] Table 'MyIngress.dmac': hit with handle 0
[22:45:56.009] [bmv2] [D] [thread 11415] [0.0] [cxt 0] Dumping entry 0
Match key:
* hdr.ethernet.dstAddr: EXACT     00000a000002
Action entry: MyIngress.forward - 2,

[22:45:56.010] [bmv2] [D] [thread 11415] [0.0] [cxt 0] Action entry is MyIngress.forward - 2,
[22:45:56.010] [bmv2] [T] [thread 11415] [0.0] [cxt 0] Action MyIngress.forward
[22:45:56.010] [bmv2] [T] [thread 11415] [0.0] [cxt 0] /media/sf_CMPT471/Projects/Project5/simple-switch/program1/p4src/program.p4(66) Primitive standard_metadata.egress_spec = egress_port
[22:45:56.010] [bmv2] [D] [thread 11415] [0.0] [cxt 0] Pipeline 'ingress': end
[22:45:56.011] [bmv2] [D] [thread 11415] [0.0] [cxt 0] Egress port is 2
[22:45:56.011] [bmv2] [D] [thread 11418] [0.0] [cxt 0] Pipeline 'egress': start
[22:45:56.011] [bmv2] [D] [thread 11418] [0.0] [cxt 0] Pipeline 'egress': end
[22:45:56.012] [bmv2] [D] [thread 11418] [0.0] [cxt 0] Deparser 'deparser': start
[22:45:56.012] [bmv2] [D] [thread 11418] [0.0] [cxt 0] Deparsing header 'ethernet'
[22:45:56.012] [bmv2] [D] [thread 11418] [0.0] [cxt 0] Deparser 'deparser': end
[22:45:56.013] [bmv2] [D] [thread 11420] [0.0] [cxt 0] Transmitting packet of size 98 out of port 2
[22:45:56.015] [bmv2] [D] [thread 11415] [1.0] [cxt 0] Processing packet received on port 2
[22:45:56.016] [bmv2] [D] [thread 11415] [1.0] [cxt 0] Parser 'parser': start
[22:45:56.016] [bmv2] [D] [thread 11415] [1.0] [cxt 0] Parser 'parser' entering state 'start'
[22:45:56.016] [bmv2] [D] [thread 11415] [1.0] [cxt 0] Extracting header 'ethernet'
[22:45:56.017] [bmv2] [D] [thread 11415] [1.0] [cxt 0] Parser state 'start' has no switch, going to default next state
[22:45:56.017] [bmv2] [T] [thread 11415] [1.0] [cxt 0] Bytes parsed: 14
[22:45:56.017] [bmv2] [D] [thread 11415] [1.0] [cxt 0] Parser 'parser': end
[22:45:56.018] [bmv2] [D] [thread 11415] [1.0] [cxt 0] Pipeline 'ingress': start
[22:45:56.018] [bmv2] [T] [thread 11415] [1.0] [cxt 0] Applying table 'MyIngress.dmac'
[22:45:56.019] [bmv2] [D] [thread 11415] [1.0] [cxt 0] Looking up key:
* hdr.ethernet.dstAddr: 00000a000001

[22:45:56.019] [bmv2] [D] [thread 11415] [1.0] [cxt 0] Table 'MyIngress.dmac': miss
[22:45:56.019] [bmv2] [D] [thread 11415] [1.0] [cxt 0] Action entry is NoAction - 
[22:45:56.020] [bmv2] [T] [thread 11415] [1.0] [cxt 0] Action NoAction
[22:45:56.020] [bmv2] [D] [thread 11415] [1.0] [cxt 0] Pipeline 'ingress': end
[22:45:56.020] [bmv2] [D] [thread 11415] [1.0] [cxt 0] Egress port is 0
[22:45:56.021] [bmv2] [D] [thread 11416] [1.0] [cxt 0] Pipeline 'egress': start
[22:45:56.021] [bmv2] [D] [thread 11416] [1.0] [cxt 0] Pipeline 'egress': end
[22:45:56.021] [bmv2] [D] [thread 11416] [1.0] [cxt 0] Deparser 'deparser': start
[22:45:56.021] [bmv2] [D] [thread 11416] [1.0] [cxt 0] Deparsing header 'ethernet'
[22:45:56.022] [bmv2] [D] [thread 11416] [1.0] [cxt 0] Deparser 'deparser': end
[22:45:56.022] [bmv2] [D] [thread 11420] [1.0] [cxt 0] Transmitting packet of size 98 out of port 0
