Warning: you requested the nanomsg event logger, but bmv2 was compiled without -DBMELOG, and the event logger cannot be activated
Calling target program-options parser
Adding interface s1-eth1 as port 1
[22:04:16.377] [bmv2] [D] [thread 10395] Adding interface s1-eth1 as port 1
Adding interface s1-eth2 as port 2
[22:04:16.415] [bmv2] [D] [thread 10395] Adding interface s1-eth2 as port 2
Adding interface s1-eth3 as port 3
[22:04:16.467] [bmv2] [D] [thread 10395] Adding interface s1-eth3 as port 3
Adding interface s1-eth4 as port 4
[22:04:16.521] [bmv2] [D] [thread 10395] Adding interface s1-eth4 as port 4
[22:04:16.568] [bmv2] [I] [thread 10395] Starting Thrift server on port 9090
[22:04:16.569] [bmv2] [I] [thread 10395] Thrift server was started
[22:04:16.570] [bmv2] [D] [thread 10401] [0.0] [cxt 0] Processing packet received on port 1
[22:04:16.571] [bmv2] [D] [thread 10401] [0.0] [cxt 0] Parser 'parser': start
[22:04:16.571] [bmv2] [D] [thread 10401] [0.0] [cxt 0] Parser 'parser' entering state 'start'
[22:04:16.571] [bmv2] [D] [thread 10401] [0.0] [cxt 0] Extracting header 'ethernet'
[22:04:16.571] [bmv2] [D] [thread 10401] [0.0] [cxt 0] Parser state 'start' has no switch, going to default next state
[22:04:16.571] [bmv2] [T] [thread 10401] [0.0] [cxt 0] Bytes parsed: 14
[22:04:16.572] [bmv2] [D] [thread 10401] [0.0] [cxt 0] Parser 'parser': end
[22:04:16.572] [bmv2] [D] [thread 10401] [0.0] [cxt 0] Pipeline 'ingress': start
[22:04:16.572] [bmv2] [D] [thread 10401] [0.0] [cxt 0] Pipeline 'ingress': end
[22:04:16.572] [bmv2] [D] [thread 10401] [0.0] [cxt 0] Egress port is 0
[22:04:16.572] [bmv2] [D] [thread 10402] [0.0] [cxt 0] Pipeline 'egress': start
[22:04:16.573] [bmv2] [D] [thread 10402] [0.0] [cxt 0] Pipeline 'egress': end
[22:04:16.573] [bmv2] [D] [thread 10402] [0.0] [cxt 0] Deparser 'deparser': start
[22:04:16.573] [bmv2] [D] [thread 10402] [0.0] [cxt 0] Deparsing header 'ethernet'
[22:04:16.573] [bmv2] [D] [thread 10402] [0.0] [cxt 0] Deparser 'deparser': end
[22:04:16.574] [bmv2] [D] [thread 10406] [0.0] [cxt 0] Transmitting packet of size 90 out of port 0
[22:04:16.641] [bmv2] [D] [thread 10401] [1.0] [cxt 0] Processing packet received on port 3
[22:04:16.642] [bmv2] [D] [thread 10401] [1.0] [cxt 0] Parser 'parser': start
[22:04:16.642] [bmv2] [D] [thread 10401] [1.0] [cxt 0] Parser 'parser' entering state 'start'
[22:04:16.657] [bmv2] [D] [thread 10401] [1.0] [cxt 0] Extracting header 'ethernet'
[22:04:16.672] [bmv2] [D] [thread 10401] [1.0] [cxt 0] Parser state 'start' has no switch, going to default next state
[22:04:16.673] [bmv2] [T] [thread 10401] [1.0] [cxt 0] Bytes parsed: 14
[22:04:16.673] [bmv2] [D] [thread 10401] [1.0] [cxt 0] Parser 'parser': end
[22:04:16.674] [bmv2] [D] [thread 10401] [1.0] [cxt 0] Pipeline 'ingress': start
[22:04:16.675] [bmv2] [D] [thread 10401] [1.0] [cxt 0] Pipeline 'ingress': end
[22:04:16.676] [bmv2] [D] [thread 10401] [1.0] [cxt 0] Egress port is 0
[22:04:16.678] [bmv2] [D] [thread 10402] [1.0] [cxt 0] Pipeline 'egress': start
[22:04:16.678] [bmv2] [D] [thread 10402] [1.0] [cxt 0] Pipeline 'egress': end
[22:04:16.678] [bmv2] [D] [thread 10402] [1.0] [cxt 0] Deparser 'deparser': start
[22:04:16.679] [bmv2] [D] [thread 10402] [1.0] [cxt 0] Deparsing header 'ethernet'
[22:04:16.680] [bmv2] [D] [thread 10402] [1.0] [cxt 0] Deparser 'deparser': end
[22:04:16.680] [bmv2] [D] [thread 10406] [1.0] [cxt 0] Transmitting packet of size 86 out of port 0
[22:04:17.429] [bmv2] [T] [thread 10447] bm_get_config
[22:04:18.691] [bmv2] [T] [thread 10464] bm_get_config
[22:04:18.692] [bmv2] [T] [thread 10464] bm_reset_state
[22:04:18.693] [bmv2] [D] [thread 10464] Resetting simple_switch target-specific state
[22:04:18.693] [bmv2] [D] [thread 10464] resetting PRE state
[22:04:27.027] [bmv2] [D] [thread 10401] [2.0] [cxt 0] Processing packet received on port 1
[22:04:27.027] [bmv2] [D] [thread 10401] [2.0] [cxt 0] Parser 'parser': start
[22:04:27.027] [bmv2] [D] [thread 10401] [2.0] [cxt 0] Parser 'parser' entering state 'start'
[22:04:27.029] [bmv2] [D] [thread 10401] [2.0] [cxt 0] Extracting header 'ethernet'
[22:04:27.031] [bmv2] [D] [thread 10401] [2.0] [cxt 0] Parser state 'start' has no switch, going to default next state
[22:04:27.031] [bmv2] [T] [thread 10401] [2.0] [cxt 0] Bytes parsed: 14
[22:04:27.032] [bmv2] [D] [thread 10401] [2.0] [cxt 0] Parser 'parser': end
[22:04:27.032] [bmv2] [D] [thread 10401] [2.0] [cxt 0] Pipeline 'ingress': start
[22:04:27.033] [bmv2] [D] [thread 10401] [2.0] [cxt 0] Pipeline 'ingress': end
[22:04:27.033] [bmv2] [D] [thread 10401] [2.0] [cxt 0] Egress port is 0
[22:04:27.035] [bmv2] [D] [thread 10402] [2.0] [cxt 0] Pipeline 'egress': start
[22:04:27.035] [bmv2] [D] [thread 10402] [2.0] [cxt 0] Pipeline 'egress': end
[22:04:27.036] [bmv2] [D] [thread 10402] [2.0] [cxt 0] Deparser 'deparser': start
[22:04:27.036] [bmv2] [D] [thread 10402] [2.0] [cxt 0] Deparsing header 'ethernet'
[22:04:27.036] [bmv2] [D] [thread 10402] [2.0] [cxt 0] Deparser 'deparser': end
[22:04:27.036] [bmv2] [D] [thread 10406] [2.0] [cxt 0] Transmitting packet of size 98 out of port 0
