Warning: you requested the nanomsg event logger, but bmv2 was compiled without -DBMELOG, and the event logger cannot be activated
Calling target program-options parser
[02:03:37.689] [bmv2] [D] [thread 6119] Set default default entry for table 'MyIngress.dmac': NoAction - 
Adding interface s1-eth1 as port 1
[02:03:37.690] [bmv2] [D] [thread 6119] Adding interface s1-eth1 as port 1
Adding interface s1-eth2 as port 2
[02:03:37.692] [bmv2] [D] [thread 6119] Adding interface s1-eth2 as port 2
Adding interface s1-eth3 as port 3
[02:03:37.764] [bmv2] [D] [thread 6119] Adding interface s1-eth3 as port 3
Adding interface s1-eth4 as port 4
[02:03:37.846] [bmv2] [D] [thread 6119] Adding interface s1-eth4 as port 4
[02:03:38.170] [bmv2] [I] [thread 6119] Starting Thrift server on port 9090
[02:03:38.172] [bmv2] [I] [thread 6119] Thrift server was started
[02:03:38.234] [bmv2] [D] [thread 6127] [0.0] [cxt 0] Processing packet received on port 2
[02:03:38.234] [bmv2] [D] [thread 6127] [0.0] [cxt 0] Parser 'parser': start
[02:03:38.234] [bmv2] [D] [thread 6127] [0.0] [cxt 0] Parser 'parser' entering state 'start'
[02:03:38.234] [bmv2] [D] [thread 6127] [0.0] [cxt 0] Extracting header 'ethernet'
[02:03:38.234] [bmv2] [D] [thread 6127] [0.0] [cxt 0] Parser state 'start' has no switch, going to default next state
[02:03:38.234] [bmv2] [T] [thread 6127] [0.0] [cxt 0] Bytes parsed: 14
[02:03:38.234] [bmv2] [D] [thread 6127] [0.0] [cxt 0] Parser 'parser': end
[02:03:38.234] [bmv2] [D] [thread 6127] [0.0] [cxt 0] Pipeline 'ingress': start
[02:03:38.234] [bmv2] [T] [thread 6127] [0.0] [cxt 0] Applying table 'MyIngress.dmac'
[02:03:38.234] [bmv2] [D] [thread 6127] [0.0] [cxt 0] Looking up key:
* hdr.ethernet.srcAddr: 00010a000002
* hdr.ethernet.dstAddr: 333300000016

[02:03:38.234] [bmv2] [D] [thread 6127] [0.0] [cxt 0] Table 'MyIngress.dmac': miss
[02:03:38.234] [bmv2] [D] [thread 6127] [0.0] [cxt 0] Action entry is NoAction - 
[02:03:38.234] [bmv2] [T] [thread 6127] [0.0] [cxt 0] Action NoAction
[02:03:38.234] [bmv2] [D] [thread 6127] [0.0] [cxt 0] Pipeline 'ingress': end
[02:03:38.234] [bmv2] [D] [thread 6127] [0.0] [cxt 0] Egress port is 0
[02:03:38.234] [bmv2] [D] [thread 6127] [1.0] [cxt 0] Processing packet received on port 3
[02:03:38.234] [bmv2] [D] [thread 6127] [1.0] [cxt 0] Parser 'parser': start
[02:03:38.234] [bmv2] [D] [thread 6127] [1.0] [cxt 0] Parser 'parser' entering state 'start'
[02:03:38.235] [bmv2] [D] [thread 6127] [1.0] [cxt 0] Extracting header 'ethernet'
[02:03:38.235] [bmv2] [D] [thread 6127] [1.0] [cxt 0] Parser state 'start' has no switch, going to default next state
[02:03:38.235] [bmv2] [T] [thread 6127] [1.0] [cxt 0] Bytes parsed: 14
[02:03:38.235] [bmv2] [D] [thread 6127] [1.0] [cxt 0] Parser 'parser': end
[02:03:38.235] [bmv2] [D] [thread 6127] [1.0] [cxt 0] Pipeline 'ingress': start
[02:03:38.235] [bmv2] [T] [thread 6127] [1.0] [cxt 0] Applying table 'MyIngress.dmac'
[02:03:38.235] [bmv2] [D] [thread 6127] [1.0] [cxt 0] Looking up key:
* hdr.ethernet.srcAddr: 00010a000003
* hdr.ethernet.dstAddr: 333300000016

[02:03:38.235] [bmv2] [D] [thread 6127] [1.0] [cxt 0] Table 'MyIngress.dmac': miss
[02:03:38.235] [bmv2] [D] [thread 6127] [1.0] [cxt 0] Action entry is NoAction - 
[02:03:38.235] [bmv2] [T] [thread 6127] [1.0] [cxt 0] Action NoAction
[02:03:38.235] [bmv2] [D] [thread 6127] [1.0] [cxt 0] Pipeline 'ingress': end
[02:03:38.235] [bmv2] [D] [thread 6127] [1.0] [cxt 0] Egress port is 0
[02:03:38.235] [bmv2] [D] [thread 6127] [2.0] [cxt 0] Processing packet received on port 2
[02:03:38.235] [bmv2] [D] [thread 6127] [2.0] [cxt 0] Parser 'parser': start
[02:03:38.235] [bmv2] [D] [thread 6127] [2.0] [cxt 0] Parser 'parser' entering state 'start'
[02:03:38.235] [bmv2] [D] [thread 6127] [2.0] [cxt 0] Extracting header 'ethernet'
[02:03:38.235] [bmv2] [D] [thread 6127] [2.0] [cxt 0] Parser state 'start' has no switch, going to default next state
[02:03:38.235] [bmv2] [T] [thread 6127] [2.0] [cxt 0] Bytes parsed: 14
[02:03:38.235] [bmv2] [D] [thread 6127] [2.0] [cxt 0] Parser 'parser': end
[02:03:38.235] [bmv2] [D] [thread 6127] [2.0] [cxt 0] Pipeline 'ingress': start
[02:03:38.235] [bmv2] [T] [thread 6127] [2.0] [cxt 0] Applying table 'MyIngress.dmac'
[02:03:38.235] [bmv2] [D] [thread 6127] [2.0] [cxt 0] Looking up key:
* hdr.ethernet.srcAddr: 00010a000002
* hdr.ethernet.dstAddr: 3333000000fb

[02:03:38.235] [bmv2] [D] [thread 6127] [2.0] [cxt 0] Table 'MyIngress.dmac': miss
[02:03:38.235] [bmv2] [D] [thread 6127] [2.0] [cxt 0] Action entry is NoAction - 
[02:03:38.235] [bmv2] [T] [thread 6127] [2.0] [cxt 0] Action NoAction
[02:03:38.235] [bmv2] [D] [thread 6127] [2.0] [cxt 0] Pipeline 'ingress': end
[02:03:38.235] [bmv2] [D] [thread 6127] [2.0] [cxt 0] Egress port is 0
[02:03:38.235] [bmv2] [D] [thread 6127] [3.0] [cxt 0] Processing packet received on port 3
[02:03:38.235] [bmv2] [D] [thread 6127] [3.0] [cxt 0] Parser 'parser': start
[02:03:38.235] [bmv2] [D] [thread 6127] [3.0] [cxt 0] Parser 'parser' entering state 'start'
[02:03:38.235] [bmv2] [D] [thread 6127] [3.0] [cxt 0] Extracting header 'ethernet'
[02:03:38.235] [bmv2] [D] [thread 6127] [3.0] [cxt 0] Parser state 'start' has no switch, going to default next state
[02:03:38.235] [bmv2] [T] [thread 6127] [3.0] [cxt 0] Bytes parsed: 14
[02:03:38.235] [bmv2] [D] [thread 6127] [3.0] [cxt 0] Parser 'parser': end
[02:03:38.235] [bmv2] [D] [thread 6127] [3.0] [cxt 0] Pipeline 'ingress': start
[02:03:38.235] [bmv2] [T] [thread 6127] [3.0] [cxt 0] Applying table 'MyIngress.dmac'
[02:03:38.235] [bmv2] [D] [thread 6127] [3.0] [cxt 0] Looking up key:
* hdr.ethernet.srcAddr: 00010a000003
* hdr.ethernet.dstAddr: 333300000002

[02:03:38.235] [bmv2] [D] [thread 6127] [3.0] [cxt 0] Table 'MyIngress.dmac': miss
[02:03:38.235] [bmv2] [D] [thread 6127] [3.0] [cxt 0] Action entry is NoAction - 
[02:03:38.235] [bmv2] [T] [thread 6127] [3.0] [cxt 0] Action NoAction
[02:03:38.235] [bmv2] [D] [thread 6127] [3.0] [cxt 0] Pipeline 'ingress': end
[02:03:38.235] [bmv2] [D] [thread 6127] [3.0] [cxt 0] Egress port is 0
[02:03:38.235] [bmv2] [D] [thread 6127] [4.0] [cxt 0] Processing packet received on port 2
[02:03:38.235] [bmv2] [D] [thread 6127] [4.0] [cxt 0] Parser 'parser': start
[02:03:38.235] [bmv2] [D] [thread 6127] [4.0] [cxt 0] Parser 'parser' entering state 'start'
[02:03:38.235] [bmv2] [D] [thread 6127] [4.0] [cxt 0] Extracting header 'ethernet'
[02:03:38.235] [bmv2] [D] [thread 6127] [4.0] [cxt 0] Parser state 'start' has no switch, going to default next state
[02:03:38.235] [bmv2] [T] [thread 6127] [4.0] [cxt 0] Bytes parsed: 14
[02:03:38.235] [bmv2] [D] [thread 6127] [4.0] [cxt 0] Parser 'parser': end
[02:03:38.235] [bmv2] [D] [thread 6127] [4.0] [cxt 0] Pipeline 'ingress': start
[02:03:38.235] [bmv2] [T] [thread 6127] [4.0] [cxt 0] Applying table 'MyIngress.dmac'
[02:03:38.235] [bmv2] [D] [thread 6127] [4.0] [cxt 0] Looking up key:
* hdr.ethernet.srcAddr: 00010a000002
* hdr.ethernet.dstAddr: 3333000000fb

[02:03:38.235] [bmv2] [D] [thread 6127] [4.0] [cxt 0] Table 'MyIngress.dmac': miss
[02:03:38.235] [bmv2] [D] [thread 6127] [4.0] [cxt 0] Action entry is NoAction - 
[02:03:38.235] [bmv2] [T] [thread 6127] [4.0] [cxt 0] Action NoAction
[02:03:38.235] [bmv2] [D] [thread 6127] [4.0] [cxt 0] Pipeline 'ingress': end
[02:03:38.235] [bmv2] [D] [thread 6127] [4.0] [cxt 0] Egress port is 0
[02:03:38.235] [bmv2] [D] [thread 6127] [5.0] [cxt 0] Processing packet received on port 3
[02:03:38.235] [bmv2] [D] [thread 6127] [5.0] [cxt 0] Parser 'parser': start
[02:03:38.235] [bmv2] [D] [thread 6127] [5.0] [cxt 0] Parser 'parser' entering state 'start'
[02:03:38.235] [bmv2] [D] [thread 6127] [5.0] [cxt 0] Extracting header 'ethernet'
[02:03:38.235] [bmv2] [D] [thread 6127] [5.0] [cxt 0] Parser state 'start' has no switch, going to default next state
[02:03:38.235] [bmv2] [T] [thread 6127] [5.0] [cxt 0] Bytes parsed: 14
[02:03:38.235] [bmv2] [D] [thread 6127] [5.0] [cxt 0] Parser 'parser': end
[02:03:38.235] [bmv2] [D] [thread 6127] [5.0] [cxt 0] Pipeline 'ingress': start
[02:03:38.235] [bmv2] [T] [thread 6127] [5.0] [cxt 0] Applying table 'MyIngress.dmac'
[02:03:38.235] [bmv2] [D] [thread 6127] [5.0] [cxt 0] Looking up key:
* hdr.ethernet.srcAddr: 00010a000003
* hdr.ethernet.dstAddr: 333300000016

[02:03:38.235] [bmv2] [D] [thread 6127] [5.0] [cxt 0] Table 'MyIngress.dmac': miss
[02:03:38.235] [bmv2] [D] [thread 6127] [5.0] [cxt 0] Action entry is NoAction - 
[02:03:38.235] [bmv2] [T] [thread 6127] [5.0] [cxt 0] Action NoAction
[02:03:38.235] [bmv2] [D] [thread 6127] [5.0] [cxt 0] Pipeline 'ingress': end
[02:03:38.235] [bmv2] [D] [thread 6127] [5.0] [cxt 0] Egress port is 0
[02:03:38.236] [bmv2] [D] [thread 6127] [6.0] [cxt 0] Processing packet received on port 2
[02:03:38.238] [bmv2] [D] [thread 6128] [0.0] [cxt 0] Pipeline 'egress': start
[02:03:38.238] [bmv2] [D] [thread 6128] [0.0] [cxt 0] Pipeline 'egress': end
[02:03:38.238] [bmv2] [D] [thread 6128] [0.0] [cxt 0] Deparser 'deparser': start
[02:03:38.238] [bmv2] [D] [thread 6128] [0.0] [cxt 0] Deparsing header 'ethernet'
[02:03:38.238] [bmv2] [D] [thread 6128] [0.0] [cxt 0] Deparser 'deparser': end
[02:03:38.238] [bmv2] [D] [thread 6128] [1.0] [cxt 0] Pipeline 'egress': start
[02:03:38.238] [bmv2] [D] [thread 6128] [1.0] [cxt 0] Pipeline 'egress': end
[02:03:38.238] [bmv2] [D] [thread 6128] [1.0] [cxt 0] Deparser 'deparser': start
[02:03:38.238] [bmv2] [D] [thread 6128] [1.0] [cxt 0] Deparsing header 'ethernet'
[02:03:38.238] [bmv2] [D] [thread 6128] [1.0] [cxt 0] Deparser 'deparser': end
[02:03:38.238] [bmv2] [D] [thread 6128] [2.0] [cxt 0] Pipeline 'egress': start
[02:03:38.238] [bmv2] [D] [thread 6128] [2.0] [cxt 0] Pipeline 'egress': end
[02:03:38.238] [bmv2] [D] [thread 6128] [2.0] [cxt 0] Deparser 'deparser': start
[02:03:38.238] [bmv2] [D] [thread 6128] [2.0] [cxt 0] Deparsing header 'ethernet'
[02:03:38.238] [bmv2] [D] [thread 6128] [2.0] [cxt 0] Deparser 'deparser': end
[02:03:38.238] [bmv2] [D] [thread 6128] [3.0] [cxt 0] Pipeline 'egress': start
[02:03:38.238] [bmv2] [D] [thread 6128] [3.0] [cxt 0] Pipeline 'egress': end
[02:03:38.238] [bmv2] [D] [thread 6128] [3.0] [cxt 0] Deparser 'deparser': start
[02:03:38.238] [bmv2] [D] [thread 6128] [3.0] [cxt 0] Deparsing header 'ethernet'
[02:03:38.238] [bmv2] [D] [thread 6128] [3.0] [cxt 0] Deparser 'deparser': end
[02:03:38.238] [bmv2] [D] [thread 6128] [4.0] [cxt 0] Pipeline 'egress': start
[02:03:38.238] [bmv2] [D] [thread 6128] [4.0] [cxt 0] Pipeline 'egress': end
[02:03:38.238] [bmv2] [D] [thread 6128] [4.0] [cxt 0] Deparser 'deparser': start
[02:03:38.238] [bmv2] [D] [thread 6128] [4.0] [cxt 0] Deparsing header 'ethernet'
[02:03:38.238] [bmv2] [D] [thread 6128] [4.0] [cxt 0] Deparser 'deparser': end
[02:03:38.238] [bmv2] [D] [thread 6132] [0.0] [cxt 0] Transmitting packet of size 110 out of port 0
[02:03:38.238] [bmv2] [D] [thread 6132] [1.0] [cxt 0] Transmitting packet of size 90 out of port 0
[02:03:38.238] [bmv2] [D] [thread 6132] [2.0] [cxt 0] Transmitting packet of size 203 out of port 0
[02:03:38.238] [bmv2] [D] [thread 6132] [3.0] [cxt 0] Transmitting packet of size 70 out of port 0
[02:03:38.239] [bmv2] [D] [thread 6132] [4.0] [cxt 0] Transmitting packet of size 208 out of port 0
[02:03:38.239] [bmv2] [D] [thread 6128] [5.0] [cxt 0] Pipeline 'egress': start
[02:03:38.239] [bmv2] [D] [thread 6128] [5.0] [cxt 0] Pipeline 'egress': end
[02:03:38.239] [bmv2] [D] [thread 6128] [5.0] [cxt 0] Deparser 'deparser': start
[02:03:38.239] [bmv2] [D] [thread 6128] [5.0] [cxt 0] Deparsing header 'ethernet'
[02:03:38.239] [bmv2] [D] [thread 6128] [5.0] [cxt 0] Deparser 'deparser': end
[02:03:38.239] [bmv2] [D] [thread 6132] [5.0] [cxt 0] Transmitting packet of size 90 out of port 0
[02:03:38.236] [bmv2] [D] [thread 6127] [6.0] [cxt 0] Parser 'parser': start
[02:03:38.239] [bmv2] [D] [thread 6127] [6.0] [cxt 0] Parser 'parser' entering state 'start'
[02:03:38.239] [bmv2] [D] [thread 6127] [6.0] [cxt 0] Extracting header 'ethernet'
[02:03:38.239] [bmv2] [D] [thread 6127] [6.0] [cxt 0] Parser state 'start' has no switch, going to default next state
[02:03:38.239] [bmv2] [T] [thread 6127] [6.0] [cxt 0] Bytes parsed: 14
[02:03:38.239] [bmv2] [D] [thread 6127] [6.0] [cxt 0] Parser 'parser': end
[02:03:38.239] [bmv2] [D] [thread 6127] [6.0] [cxt 0] Pipeline 'ingress': start
[02:03:38.239] [bmv2] [T] [thread 6127] [6.0] [cxt 0] Applying table 'MyIngress.dmac'
[02:03:38.239] [bmv2] [D] [thread 6127] [6.0] [cxt 0] Looking up key:
* hdr.ethernet.srcAddr: 00010a000002
* hdr.ethernet.dstAddr: 3333000000fb

[02:03:38.239] [bmv2] [D] [thread 6127] [6.0] [cxt 0] Table 'MyIngress.dmac': miss
[02:03:38.239] [bmv2] [D] [thread 6127] [6.0] [cxt 0] Action entry is NoAction - 
[02:03:38.239] [bmv2] [T] [thread 6127] [6.0] [cxt 0] Action NoAction
[02:03:38.239] [bmv2] [D] [thread 6127] [6.0] [cxt 0] Pipeline 'ingress': end
[02:03:38.239] [bmv2] [D] [thread 6127] [6.0] [cxt 0] Egress port is 0
[02:03:38.239] [bmv2] [D] [thread 6128] [6.0] [cxt 0] Pipeline 'egress': start
[02:03:38.239] [bmv2] [D] [thread 6128] [6.0] [cxt 0] Pipeline 'egress': end
[02:03:38.239] [bmv2] [D] [thread 6128] [6.0] [cxt 0] Deparser 'deparser': start
[02:03:38.239] [bmv2] [D] [thread 6128] [6.0] [cxt 0] Deparsing header 'ethernet'
[02:03:38.239] [bmv2] [D] [thread 6128] [6.0] [cxt 0] Deparser 'deparser': end
[02:03:38.239] [bmv2] [D] [thread 6132] [6.0] [cxt 0] Transmitting packet of size 208 out of port 0
[02:03:38.239] [bmv2] [D] [thread 6127] [7.0] [cxt 0] Processing packet received on port 3
[02:03:38.239] [bmv2] [D] [thread 6127] [7.0] [cxt 0] Parser 'parser': start
[02:03:38.239] [bmv2] [D] [thread 6127] [7.0] [cxt 0] Parser 'parser' entering state 'start'
[02:03:38.239] [bmv2] [D] [thread 6127] [7.0] [cxt 0] Extracting header 'ethernet'
[02:03:38.239] [bmv2] [D] [thread 6127] [7.0] [cxt 0] Parser state 'start' has no switch, going to default next state
[02:03:38.239] [bmv2] [T] [thread 6127] [7.0] [cxt 0] Bytes parsed: 14
[02:03:38.239] [bmv2] [D] [thread 6127] [7.0] [cxt 0] Parser 'parser': end
[02:03:38.239] [bmv2] [D] [thread 6127] [7.0] [cxt 0] Pipeline 'ingress': start
[02:03:38.239] [bmv2] [T] [thread 6127] [7.0] [cxt 0] Applying table 'MyIngress.dmac'
[02:03:38.239] [bmv2] [D] [thread 6127] [7.0] [cxt 0] Looking up key:
* hdr.ethernet.srcAddr: 00010a000003
* hdr.ethernet.dstAddr: 3333000000fb

[02:03:38.239] [bmv2] [D] [thread 6127] [7.0] [cxt 0] Table 'MyIngress.dmac': miss
[02:03:38.239] [bmv2] [D] [thread 6127] [7.0] [cxt 0] Action entry is NoAction - 
[02:03:38.239] [bmv2] [T] [thread 6127] [7.0] [cxt 0] Action NoAction
[02:03:38.239] [bmv2] [D] [thread 6127] [7.0] [cxt 0] Pipeline 'ingress': end
[02:03:38.239] [bmv2] [D] [thread 6127] [7.0] [cxt 0] Egress port is 0
[02:03:38.239] [bmv2] [D] [thread 6128] [7.0] [cxt 0] Pipeline 'egress': start
[02:03:38.239] [bmv2] [D] [thread 6128] [7.0] [cxt 0] Pipeline 'egress': end
[02:03:38.239] [bmv2] [D] [thread 6128] [7.0] [cxt 0] Deparser 'deparser': start
[02:03:38.239] [bmv2] [D] [thread 6128] [7.0] [cxt 0] Deparsing header 'ethernet'
[02:03:38.239] [bmv2] [D] [thread 6128] [7.0] [cxt 0] Deparser 'deparser': end
[02:03:38.239] [bmv2] [D] [thread 6132] [7.0] [cxt 0] Transmitting packet of size 203 out of port 0
[02:03:38.239] [bmv2] [D] [thread 6127] [8.0] [cxt 0] Processing packet received on port 3
[02:03:38.239] [bmv2] [D] [thread 6127] [8.0] [cxt 0] Parser 'parser': start
[02:03:38.239] [bmv2] [D] [thread 6127] [8.0] [cxt 0] Parser 'parser' entering state 'start'
[02:03:38.239] [bmv2] [D] [thread 6127] [8.0] [cxt 0] Extracting header 'ethernet'
[02:03:38.239] [bmv2] [D] [thread 6127] [8.0] [cxt 0] Parser state 'start' has no switch, going to default next state
[02:03:38.239] [bmv2] [T] [thread 6127] [8.0] [cxt 0] Bytes parsed: 14
[02:03:38.239] [bmv2] [D] [thread 6127] [8.0] [cxt 0] Parser 'parser': end
[02:03:38.239] [bmv2] [D] [thread 6127] [8.0] [cxt 0] Pipeline 'ingress': start
[02:03:38.239] [bmv2] [T] [thread 6127] [8.0] [cxt 0] Applying table 'MyIngress.dmac'
[02:03:38.239] [bmv2] [D] [thread 6127] [8.0] [cxt 0] Looking up key:
* hdr.ethernet.srcAddr: 00010a000003
* hdr.ethernet.dstAddr: 3333000000fb

[02:03:38.239] [bmv2] [D] [thread 6127] [8.0] [cxt 0] Table 'MyIngress.dmac': miss
[02:03:38.239] [bmv2] [D] [thread 6127] [8.0] [cxt 0] Action entry is NoAction - 
[02:03:38.239] [bmv2] [T] [thread 6127] [8.0] [cxt 0] Action NoAction
[02:03:38.239] [bmv2] [D] [thread 6127] [8.0] [cxt 0] Pipeline 'ingress': end
[02:03:38.239] [bmv2] [D] [thread 6127] [8.0] [cxt 0] Egress port is 0
[02:03:38.239] [bmv2] [D] [thread 6128] [8.0] [cxt 0] Pipeline 'egress': start
[02:03:38.239] [bmv2] [D] [thread 6128] [8.0] [cxt 0] Pipeline 'egress': end
[02:03:38.239] [bmv2] [D] [thread 6128] [8.0] [cxt 0] Deparser 'deparser': start
[02:03:38.239] [bmv2] [D] [thread 6128] [8.0] [cxt 0] Deparsing header 'ethernet'
[02:03:38.239] [bmv2] [D] [thread 6128] [8.0] [cxt 0] Deparser 'deparser': end
[02:03:38.239] [bmv2] [D] [thread 6132] [8.0] [cxt 0] Transmitting packet of size 208 out of port 0
[02:03:38.351] [bmv2] [D] [thread 6127] [9.0] [cxt 0] Processing packet received on port 3
[02:03:38.351] [bmv2] [D] [thread 6127] [9.0] [cxt 0] Parser 'parser': start
[02:03:38.351] [bmv2] [D] [thread 6127] [9.0] [cxt 0] Parser 'parser' entering state 'start'
[02:03:38.351] [bmv2] [D] [thread 6127] [9.0] [cxt 0] Extracting header 'ethernet'
[02:03:38.351] [bmv2] [D] [thread 6127] [9.0] [cxt 0] Parser state 'start' has no switch, going to default next state
[02:03:38.351] [bmv2] [T] [thread 6127] [9.0] [cxt 0] Bytes parsed: 14
[02:03:38.351] [bmv2] [D] [thread 6127] [9.0] [cxt 0] Parser 'parser': end
[02:03:38.351] [bmv2] [D] [thread 6127] [9.0] [cxt 0] Pipeline 'ingress': start
[02:03:38.351] [bmv2] [T] [thread 6127] [9.0] [cxt 0] Applying table 'MyIngress.dmac'
[02:03:38.351] [bmv2] [D] [thread 6127] [9.0] [cxt 0] Looking up key:
* hdr.ethernet.srcAddr: 00010a000003
* hdr.ethernet.dstAddr: 333300000016

[02:03:38.351] [bmv2] [D] [thread 6127] [9.0] [cxt 0] Table 'MyIngress.dmac': miss
[02:03:38.351] [bmv2] [D] [thread 6127] [9.0] [cxt 0] Action entry is NoAction - 
[02:03:38.351] [bmv2] [T] [thread 6127] [9.0] [cxt 0] Action NoAction
[02:03:38.351] [bmv2] [D] [thread 6127] [9.0] [cxt 0] Pipeline 'ingress': end
[02:03:38.351] [bmv2] [D] [thread 6127] [9.0] [cxt 0] Egress port is 0
[02:03:38.351] [bmv2] [D] [thread 6128] [9.0] [cxt 0] Pipeline 'egress': start
[02:03:38.351] [bmv2] [D] [thread 6128] [9.0] [cxt 0] Pipeline 'egress': end
[02:03:38.351] [bmv2] [D] [thread 6128] [9.0] [cxt 0] Deparser 'deparser': start
[02:03:38.351] [bmv2] [D] [thread 6128] [9.0] [cxt 0] Deparsing header 'ethernet'
[02:03:38.351] [bmv2] [D] [thread 6128] [9.0] [cxt 0] Deparser 'deparser': end
[02:03:38.351] [bmv2] [D] [thread 6132] [9.0] [cxt 0] Transmitting packet of size 90 out of port 0
[02:03:38.404] [bmv2] [D] [thread 6127] [10.0] [cxt 0] Processing packet received on port 3
[02:03:38.404] [bmv2] [D] [thread 6127] [10.0] [cxt 0] Parser 'parser': start
[02:03:38.404] [bmv2] [D] [thread 6127] [10.0] [cxt 0] Parser 'parser' entering state 'start'
[02:03:38.404] [bmv2] [D] [thread 6127] [10.0] [cxt 0] Extracting header 'ethernet'
[02:03:38.404] [bmv2] [D] [thread 6127] [10.0] [cxt 0] Parser state 'start' has no switch, going to default next state
[02:03:38.404] [bmv2] [T] [thread 6127] [10.0] [cxt 0] Bytes parsed: 14
[02:03:38.404] [bmv2] [D] [thread 6127] [10.0] [cxt 0] Parser 'parser': end
[02:03:38.404] [bmv2] [D] [thread 6127] [10.0] [cxt 0] Pipeline 'ingress': start
[02:03:38.404] [bmv2] [T] [thread 6127] [10.0] [cxt 0] Applying table 'MyIngress.dmac'
[02:03:38.404] [bmv2] [D] [thread 6127] [10.0] [cxt 0] Looking up key:
* hdr.ethernet.srcAddr: 00010a000003
* hdr.ethernet.dstAddr: 333300000016

[02:03:38.406] [bmv2] [D] [thread 6127] [10.0] [cxt 0] Table 'MyIngress.dmac': miss
[02:03:38.406] [bmv2] [D] [thread 6127] [10.0] [cxt 0] Action entry is NoAction - 
[02:03:38.406] [bmv2] [T] [thread 6127] [10.0] [cxt 0] Action NoAction
[02:03:38.406] [bmv2] [D] [thread 6127] [10.0] [cxt 0] Pipeline 'ingress': end
[02:03:38.406] [bmv2] [D] [thread 6127] [10.0] [cxt 0] Egress port is 0
[02:03:38.406] [bmv2] [D] [thread 6128] [10.0] [cxt 0] Pipeline 'egress': start
[02:03:38.406] [bmv2] [D] [thread 6128] [10.0] [cxt 0] Pipeline 'egress': end
[02:03:38.406] [bmv2] [D] [thread 6128] [10.0] [cxt 0] Deparser 'deparser': start
[02:03:38.406] [bmv2] [D] [thread 6128] [10.0] [cxt 0] Deparsing header 'ethernet'
[02:03:38.406] [bmv2] [D] [thread 6128] [10.0] [cxt 0] Deparser 'deparser': end
[02:03:38.406] [bmv2] [D] [thread 6132] [10.0] [cxt 0] Transmitting packet of size 110 out of port 0
[02:03:40.085] [bmv2] [T] [thread 6186] bm_get_config
[02:03:40.090] [bmv2] [T] [thread 6186] bm_mt_get_entries
[02:03:40.094] [bmv2] [T] [thread 6186] bm_reset_state
[02:03:40.095] [bmv2] [D] [thread 6186] Resetting simple_switch target-specific state
[02:03:40.095] [bmv2] [D] [thread 6186] resetting PRE state
[02:03:40.096] [bmv2] [T] [thread 6186] bm_table_add_entry
[02:03:40.096] [bmv2] [D] [thread 6186] Entry 0 added to table 'MyIngress.dmac'
[02:03:40.096] [bmv2] [D] [thread 6186] Dumping entry 0
Match key:
* hdr.ethernet.srcAddr: EXACT     00000a000002
* hdr.ethernet.dstAddr: EXACT     00000a000001
Action entry: MyIngress.forward - 1,

[02:03:40.098] [bmv2] [T] [thread 6186] bm_table_add_entry
[02:03:40.100] [bmv2] [D] [thread 6186] Entry 1 added to table 'MyIngress.dmac'
[02:03:40.100] [bmv2] [D] [thread 6186] Dumping entry 1
Match key:
* hdr.ethernet.srcAddr: EXACT     00000a000003
* hdr.ethernet.dstAddr: EXACT     00000a000001
Action entry: MyIngress.forward - 1,

[02:03:40.101] [bmv2] [T] [thread 6186] bm_table_add_entry
[02:03:40.101] [bmv2] [D] [thread 6186] Entry 2 added to table 'MyIngress.dmac'
[02:03:40.101] [bmv2] [D] [thread 6186] Dumping entry 2
Match key:
* hdr.ethernet.srcAddr: EXACT     00000a000004
* hdr.ethernet.dstAddr: EXACT     00000a000001
Action entry: MyIngress.forward - 1,

[02:03:40.101] [bmv2] [T] [thread 6186] bm_table_add_entry
[02:03:40.102] [bmv2] [D] [thread 6186] Entry 3 added to table 'MyIngress.dmac'
[02:03:40.102] [bmv2] [D] [thread 6186] Dumping entry 3
Match key:
* hdr.ethernet.srcAddr: EXACT     00000a000003
* hdr.ethernet.dstAddr: EXACT     00000a000002
Action entry: MyIngress.forward - 2,

[02:03:40.102] [bmv2] [T] [thread 6186] bm_table_add_entry
[02:03:40.102] [bmv2] [D] [thread 6186] Entry 4 added to table 'MyIngress.dmac'
[02:03:40.102] [bmv2] [D] [thread 6186] Dumping entry 4
Match key:
* hdr.ethernet.srcAddr: EXACT     00000a000004
* hdr.ethernet.dstAddr: EXACT     00000a000002
Action entry: MyIngress.forward - 2,

[02:03:40.103] [bmv2] [T] [thread 6186] bm_table_add_entry
[02:03:40.103] [bmv2] [D] [thread 6186] Entry 5 added to table 'MyIngress.dmac'
[02:03:40.103] [bmv2] [D] [thread 6186] Dumping entry 5
Match key:
* hdr.ethernet.srcAddr: EXACT     00000a000002
* hdr.ethernet.dstAddr: EXACT     00000a000003
Action entry: MyIngress.forward - 3,

[02:03:40.104] [bmv2] [T] [thread 6186] bm_table_add_entry
[02:03:40.104] [bmv2] [D] [thread 6186] Entry 6 added to table 'MyIngress.dmac'
[02:03:40.104] [bmv2] [D] [thread 6186] Dumping entry 6
Match key:
* hdr.ethernet.srcAddr: EXACT     00000a000004
* hdr.ethernet.dstAddr: EXACT     00000a000003
Action entry: MyIngress.forward - 3,

[02:03:40.104] [bmv2] [T] [thread 6186] bm_table_add_entry
[02:03:40.104] [bmv2] [D] [thread 6186] Entry 7 added to table 'MyIngress.dmac'
[02:03:40.104] [bmv2] [D] [thread 6186] Dumping entry 7
Match key:
* hdr.ethernet.srcAddr: EXACT     00000a000002
* hdr.ethernet.dstAddr: EXACT     00000a000004
Action entry: MyIngress.forward - 4,

[02:03:40.105] [bmv2] [T] [thread 6186] bm_table_add_entry
[02:03:40.105] [bmv2] [D] [thread 6186] Entry 8 added to table 'MyIngress.dmac'
[02:03:40.105] [bmv2] [D] [thread 6186] Dumping entry 8
Match key:
* hdr.ethernet.srcAddr: EXACT     00000a000003
* hdr.ethernet.dstAddr: EXACT     00000a000004
Action entry: MyIngress.forward - 4,

[02:03:40.106] [bmv2] [T] [thread 6186] bm_table_add_entry
[02:03:40.106] [bmv2] [D] [thread 6186] Entry 9 added to table 'MyIngress.dmac'
[02:03:40.106] [bmv2] [D] [thread 6186] Dumping entry 9
Match key:
* hdr.ethernet.srcAddr: EXACT     00000a000001
* hdr.ethernet.dstAddr: EXACT     00000a000002
Action entry: MyIngress.drop - 

[02:03:40.112] [bmv2] [T] [thread 6186] bm_table_add_entry
[02:03:40.112] [bmv2] [D] [thread 6186] Entry 10 added to table 'MyIngress.dmac'
[02:03:40.112] [bmv2] [D] [thread 6186] Dumping entry 10
Match key:
* hdr.ethernet.srcAddr: EXACT     00000a000001
* hdr.ethernet.dstAddr: EXACT     00000a000003
Action entry: MyIngress.drop - 

[02:03:40.114] [bmv2] [T] [thread 6186] bm_table_add_entry
[02:03:40.114] [bmv2] [D] [thread 6186] Entry 11 added to table 'MyIngress.dmac'
[02:03:40.114] [bmv2] [D] [thread 6186] Dumping entry 11
Match key:
* hdr.ethernet.srcAddr: EXACT     00000a000001
* hdr.ethernet.dstAddr: EXACT     00000a000004
Action entry: MyIngress.drop - 

[02:03:40.115] [bmv2] [T] [thread 6186] bm_mt_get_entries
[02:03:40.130] [bmv2] [T] [thread 6186] bm_mt_get_default_entry
[02:03:43.145] [bmv2] [D] [thread 6127] [11.0] [cxt 0] Processing packet received on port 1
[02:03:43.145] [bmv2] [D] [thread 6127] [11.0] [cxt 0] Parser 'parser': start
[02:03:43.145] [bmv2] [D] [thread 6127] [11.0] [cxt 0] Parser 'parser' entering state 'start'
[02:03:43.145] [bmv2] [D] [thread 6127] [11.0] [cxt 0] Extracting header 'ethernet'
[02:03:43.145] [bmv2] [D] [thread 6127] [11.0] [cxt 0] Parser state 'start' has no switch, going to default next state
[02:03:43.145] [bmv2] [T] [thread 6127] [11.0] [cxt 0] Bytes parsed: 14
[02:03:43.145] [bmv2] [D] [thread 6127] [11.0] [cxt 0] Parser 'parser': end
[02:03:43.145] [bmv2] [D] [thread 6127] [11.0] [cxt 0] Pipeline 'ingress': start
[02:03:43.145] [bmv2] [T] [thread 6127] [11.0] [cxt 0] Applying table 'MyIngress.dmac'
[02:03:43.145] [bmv2] [D] [thread 6127] [11.0] [cxt 0] Looking up key:
* hdr.ethernet.srcAddr: 00000a000001
* hdr.ethernet.dstAddr: 00000a000002

[02:03:43.145] [bmv2] [D] [thread 6127] [11.0] [cxt 0] Table 'MyIngress.dmac': hit with handle 9
[02:03:43.145] [bmv2] [D] [thread 6127] [11.0] [cxt 0] Dumping entry 9
Match key:
* hdr.ethernet.srcAddr: EXACT     00000a000001
* hdr.ethernet.dstAddr: EXACT     00000a000002
Action entry: MyIngress.drop - 

[02:03:43.145] [bmv2] [D] [thread 6127] [11.0] [cxt 0] Action entry is MyIngress.drop - 
[02:03:43.145] [bmv2] [T] [thread 6127] [11.0] [cxt 0] Action MyIngress.drop
[02:03:43.145] [bmv2] [T] [thread 6127] [11.0] [cxt 0] /home/p4/Desktop/CMPT471-Project5/simple-switch/firewall/p4src/program.p4(62) Primitive mark_to_drop(standard_metadata)
[02:03:43.145] [bmv2] [D] [thread 6127] [11.0] [cxt 0] Pipeline 'ingress': end
[02:03:43.145] [bmv2] [D] [thread 6127] [11.0] [cxt 0] Egress port is 511
[02:03:43.145] [bmv2] [D] [thread 6127] [11.0] [cxt 0] Dropping packet at the end of ingress
open: No such file or directory
open: No such file or directory
open: No such file or directory
